<?xml version="1.0" encoding="UTF-8"?>
<testsuite name="com.example.demo.DemoApplicationTests" tests="1" skipped="0" failures="0" errors="0" timestamp="2024-03-30T10:31:18" hostname="apnxdesk05" time="0.711">
  <properties/>
  <testcase name="contextLoads()" classname="com.example.demo.DemoApplicationTests" time="0.711"/>
  <system-out><![CDATA[16:01:16.724 [Test worker] INFO org.springframework.test.context.support.AnnotationConfigContextLoaderUtils -- Could not detect default configuration classes for test class [com.example.demo.DemoApplicationTests]: DemoApplicationTests does not declare any static, non-private, non-final, nested classes annotated with @Configuration.
16:01:16.831 [Test worker] INFO org.springframework.boot.test.context.SpringBootTestContextBootstrapper -- Found @SpringBootConfiguration com.example.demo.DemoApplication for test class com.example.demo.DemoApplicationTests
16:01:16.982 [Test worker] INFO org.springframework.boot.devtools.restart.RestartApplicationListener -- Restart disabled due to context in which it is running

  .   ____          _            __ _ _
 /\\ / ___'_ __ _ _(_)_ __  __ _ \ \ \ \
( ( )\___ | '_ | '_| | '_ \/ _` | \ \ \ \
 \\/  ___)| |_)| | | | | || (_| |  ) ) ) )
  '  |____| .__|_| |_|_| |_\__, | / / / /
 =========|_|==============|___/=/_/_/_/
 :: Spring Boot ::                (v3.2.3)

2024-03-30T16:01:17.195+05:30  INFO 59805 --- [demo] [    Test worker] com.example.demo.DemoApplicationTests    : Starting DemoApplicationTests using Java 21.0.1 with PID 59805 (started by apnx-desk-05 in /home/apnx-desk-05/Documents/SpringBootDemo)
2024-03-30T16:01:17.196+05:30  INFO 59805 --- [demo] [    Test worker] com.example.demo.DemoApplicationTests    : No active profile set, falling back to 1 default profile: "default"
2024-03-30T16:01:18.765+05:30  INFO 59805 --- [demo] [    Test worker] o.s.s.web.DefaultSecurityFilterChain     : Will secure any request with [org.springframework.security.web.session.DisableEncodeUrlFilter@1578fa9, org.springframework.security.web.context.request.async.WebAsyncManagerIntegrationFilter@414b2df5, org.springframework.security.web.context.SecurityContextHolderFilter@795b66d, org.springframework.security.web.header.HeaderWriterFilter@7708b66a, org.springframework.web.filter.CorsFilter@9e30f9a, org.springframework.security.web.csrf.CsrfFilter@4b28a7bf, org.springframework.security.web.authentication.logout.LogoutFilter@682618e5, org.springframework.security.web.authentication.UsernamePasswordAuthenticationFilter@69f080ad, org.springframework.security.web.authentication.ui.DefaultLoginPageGeneratingFilter@5b0902b4, org.springframework.security.web.authentication.ui.DefaultLogoutPageGeneratingFilter@1b30a54e, org.springframework.security.web.authentication.www.BasicAuthenticationFilter@1282e98, org.springframework.security.web.savedrequest.RequestCacheAwareFilter@1068176, org.springframework.security.web.servletapi.SecurityContextHolderAwareRequestFilter@5bf4764d, org.springframework.security.web.authentication.AnonymousAuthenticationFilter@26275b46, org.springframework.security.web.access.ExceptionTranslationFilter@6ddc67d0, org.springframework.security.web.access.intercept.AuthorizationFilter@718989fa]
2024-03-30T16:01:18.851+05:30  INFO 59805 --- [demo] [    Test worker] com.example.demo.DemoApplicationTests    : Started DemoApplicationTests in 1.861 seconds (process running for 2.85)
]]></system-out>
  <system-err><![CDATA[WARNING: A Java agent has been loaded dynamically (/home/apnx-desk-05/.gradle/caches/modules-2/files-2.1/net.bytebuddy/byte-buddy-agent/1.14.12/be4984cb6fd1ef1d11f218a648889dfda44b8a15/byte-buddy-agent-1.14.12.jar)
WARNING: If a serviceability tool is in use, please run with -XX:+EnableDynamicAgentLoading to hide this warning
WARNING: If a serviceability tool is not in use, please run with -Djdk.instrument.traceUsage for more information
WARNING: Dynamic loading of agents will be disallowed by default in a future release
]]></system-err>
</testsuite>
